[2025-10-04 10:42:12,452] ERROR: Unexpected error: [Errno 2] No such file or directory: 'yt-dlp'
[2025-10-04 10:42:12,452] ERROR: Download failed: [Errno 2] No such file or directory: 'yt-dlp'
[2025-10-04 10:44:00,258] ERROR: Unexpected error: [Errno 2] No such file or directory: 'yt-dlp'
[2025-10-04 10:44:00,258] ERROR: Download failed: [Errno 2] No such file or directory: 'yt-dlp'
[2025-10-04 10:45:51,882] ERROR: Unexpected error: [Errno 2] No such file or directory: '~/virtualenv/af.wradid.com/3.10/bin/yt-dlp'
[2025-10-04 10:45:51,882] ERROR: Download failed: [Errno 2] No such file or directory: '~/virtualenv/af.wradid.com/3.10/bin/yt-dlp'
[2025-10-04 10:46:24,187] ERROR: Unexpected error: [Errno 2] No such file or directory: '/virtualenv/af.wradid.com/3.10/bin/yt-dlp'
[2025-10-04 10:46:24,187] ERROR: Download failed: [Errno 2] No such file or directory: '/virtualenv/af.wradid.com/3.10/bin/yt-dlp'
[2025-10-04 10:50:18,538] ERROR: Unexpected error: 'ascii' codec can't decode byte 0xe2 in position 183: ordinal not in range(128)
[2025-10-04 10:50:18,538] ERROR: Download failed: 'ascii' codec can't decode byte 0xe2 in position 183: ordinal not in range(128)
[2025-10-04 10:50:35,198] ERROR: Unexpected error: 'ascii' codec can't decode byte 0xe2 in position 183: ordinal not in range(128)
[2025-10-04 10:50:35,198] ERROR: Download failed: 'ascii' codec can't decode byte 0xe2 in position 183: ordinal not in range(128)
[2025-10-04 10:50:45,742] ERROR: Unexpected error: 'ascii' codec can't decode byte 0xe2 in position 183: ordinal not in range(128)
[2025-10-04 10:50:45,743] ERROR: Download failed: 'ascii' codec can't decode byte 0xe2 in position 183: ordinal not in range(128)
[2025-10-04 10:52:15,261] ERROR: yt-dlp error: None
[2025-10-04 10:52:15,262] ERROR: Download failed: Failed to fetch download URL.
[2025-10-04 10:55:29,191] ERROR: Download failed: Failed to fetch download URL. Please check the video link or try again later.
[2025-10-04 10:57:59,342] ERROR: Download failed: Failed to fetch download URL. Please check the video link or try again later.
[2025-10-04 10:58:43,411] ERROR: Download failed: Failed to fetch download URL. Please check the video link or try again later. {output}
[2025-10-04 10:58:49,779] ERROR: Unexpected error: 'ascii' codec can't decode byte 0xe2 in position 183: ordinal not in range(128)
[2025-10-04 10:58:49,779] ERROR: Download failed: 'ascii' codec can't decode byte 0xe2 in position 183: ordinal not in range(128)
[2025-10-04 11:05:12,639] ERROR: Download failed: Failed to fetch download URL. Please check the video link or try again later.
